[2017/07/31 16:32:15][INFO][][][org.springframework.web.context.ContextLoader line.305][initWebApplicationContext] Root WebApplicationContext: initialization started
[2017/07/31 16:32:15][INFO][][][org.springframework.context.support.AbstractApplicationContext line.578][prepareRefresh] Refreshing Root WebApplicationContext: startup date [Mon Jul 31 16:32:15 CST 2017]; root of context hierarchy
[2017/07/31 16:32:15][INFO][][][org.springframework.beans.factory.xml.XmlBeanDefinitionReader line.317][loadBeanDefinitions] Loading XML bean definitions from ServletContext resource [/WEB-INF/applicationContext.xml]
[2017/07/31 16:32:15][INFO][][][org.springframework.beans.factory.xml.XmlBeanDefinitionReader line.317][loadBeanDefinitions] Loading XML bean definitions from ServletContext resource [/WEB-INF/sqlStatement.xml]
[2017/07/31 16:32:15][INFO][][][org.springframework.beans.factory.xml.XmlBeanDefinitionReader line.317][loadBeanDefinitions] Loading XML bean definitions from ServletContext resource [/WEB-INF/database.xml]
[2017/07/31 16:32:15][INFO][][][org.springframework.beans.factory.xml.XmlBeanDefinitionReader line.317][loadBeanDefinitions] Loading XML bean definitions from ServletContext resource [/WEB-INF/security.xml]
[2017/07/31 16:32:15][INFO][][][org.springframework.security.core.SpringSecurityCoreVersion line.33][<clinit>] You are running with Spring Security Core 3.1.6.RELEASE
[2017/07/31 16:32:15][ERROR][][][org.springframework.security.core.SpringSecurityCoreVersion line.35][<clinit>] *** Spring Major version '3' expected, but you are running with version: 4.2.6.RELEASE. Please check your classpath for unwanted jar files.
[2017/07/31 16:32:15][INFO][][][org.springframework.security.config.SecurityNamespaceHandler line.59][<init>] Spring Security 'config' module version is 3.1.6.RELEASE
[2017/07/31 16:32:15][INFO][][][org.springframework.security.config.http.HttpSecurityBeanDefinitionParser line.264][checkFilterChainOrder] Checking sorted filter chain: [Root bean: class [org.springframework.security.web.context.SecurityContextPersistenceFilter]; scope=; abstract=false; lazyInit=false; autowireMode=0; dependencyCheck=0; autowireCandidate=true; primary=false; factoryBeanName=null; factoryMethodName=null; initMethodName=null; destroyMethodName=null, order = 200, Root bean: class [org.springframework.security.web.authentication.logout.LogoutFilter]; scope=; abstract=false; lazyInit=false; autowireMode=0; dependencyCheck=0; autowireCandidate=true; primary=false; factoryBeanName=null; factoryMethodName=null; initMethodName=null; destroyMethodName=null, order = 400, <org.springframework.security.web.authentication.UsernamePasswordAuthenticationFilter#0>, order = 800, Root bean: class [org.springframework.security.web.authentication.www.BasicAuthenticationFilter]; scope=; abstract=false; lazyInit=false; autowireMode=0; dependencyCheck=0; autowireCandidate=true; primary=false; factoryBeanName=null; factoryMethodName=null; initMethodName=null; destroyMethodName=null, order = 1200, Root bean: class [org.springframework.security.web.savedrequest.RequestCacheAwareFilter]; scope=; abstract=false; lazyInit=false; autowireMode=0; dependencyCheck=0; autowireCandidate=true; primary=false; factoryBeanName=null; factoryMethodName=null; initMethodName=null; destroyMethodName=null, order = 1300, Root bean: class [org.springframework.security.web.servletapi.SecurityContextHolderAwareRequestFilter]; scope=; abstract=false; lazyInit=false; autowireMode=0; dependencyCheck=0; autowireCandidate=true; primary=false; factoryBeanName=null; factoryMethodName=null; initMethodName=null; destroyMethodName=null, order = 1400, Root bean: class [org.springframework.security.web.authentication.AnonymousAuthenticationFilter]; scope=; abstract=false; lazyInit=false; autowireMode=0; dependencyCheck=0; autowireCandidate=true; primary=false; factoryBeanName=null; factoryMethodName=null; initMethodName=null; destroyMethodName=null, order = 1700, Root bean: class [org.springframework.security.web.session.SessionManagementFilter]; scope=; abstract=false; lazyInit=false; autowireMode=0; dependencyCheck=0; autowireCandidate=true; primary=false; factoryBeanName=null; factoryMethodName=null; initMethodName=null; destroyMethodName=null, order = 1800, Root bean: class [org.springframework.security.web.access.ExceptionTranslationFilter]; scope=; abstract=false; lazyInit=false; autowireMode=0; dependencyCheck=0; autowireCandidate=true; primary=false; factoryBeanName=null; factoryMethodName=null; initMethodName=null; destroyMethodName=null, order = 1900, <org.springframework.security.web.access.intercept.FilterSecurityInterceptor#0>, order = 2000]
[2017/07/31 16:32:16][INFO][][][org.hibernate.annotations.common.Version line.37][<clinit>] HCANN000001: Hibernate Commons Annotations {4.0.1.Final}
[2017/07/31 16:32:16][INFO][][][org.hibernate.Version line.41][logVersion] HHH000412: Hibernate Core {4.1.0.Final}
[2017/07/31 16:32:16][INFO][][][org.hibernate.cfg.Environment line.239][<clinit>] HHH000206: hibernate.properties not found
[2017/07/31 16:32:16][INFO][][][org.hibernate.cfg.Environment line.342][buildBytecodeProvider] HHH000021: Bytecode provider name : javassist
[2017/07/31 16:32:17][INFO][][][org.hibernate.dialect.Dialect line.122][<init>] HHH000400: Using dialect: org.hibernate.dialect.HSQLDialect
[2017/07/31 16:32:17][INFO][][][org.hibernate.engine.transaction.internal.TransactionFactoryInitiator line.68][initiateService] HHH000399: Using default transaction strategy (direct JDBC transactions)
[2017/07/31 16:32:17][INFO][][][org.hibernate.hql.internal.ast.ASTQueryTranslatorFactory line.48][<init>] HHH000397: Using ASTQueryTranslatorFactory
[2017/07/31 16:32:18][INFO][][][org.springframework.orm.hibernate4.HibernateTransactionManager line.360][afterPropertiesSet] Using DataSource [org.apache.commons.dbcp.BasicDataSource@5f2bd6d9] of Hibernate SessionFactory for HibernateTransactionManager
[2017/07/31 16:32:18][INFO][][][org.springframework.security.web.DefaultSecurityFilterChain line.28][<init>] Creating filter chain: Ant [pattern='/login.zul'], []
[2017/07/31 16:32:18][INFO][][][org.springframework.security.web.DefaultSecurityFilterChain line.28][<init>] Creating filter chain: org.springframework.security.web.util.AnyRequestMatcher@1, [org.springframework.security.web.context.SecurityContextPersistenceFilter@724aefc3, org.springframework.security.web.authentication.logout.LogoutFilter@7cfb4736, org.springframework.security.web.authentication.UsernamePasswordAuthenticationFilter@2a097d77, org.springframework.security.web.authentication.www.BasicAuthenticationFilter@53c1179a, org.springframework.security.web.savedrequest.RequestCacheAwareFilter@7650ded6, org.springframework.security.web.servletapi.SecurityContextHolderAwareRequestFilter@5034f5dd, org.springframework.security.web.authentication.AnonymousAuthenticationFilter@31b7d869, org.springframework.security.web.session.SessionManagementFilter@6a916402, org.springframework.security.web.access.ExceptionTranslationFilter@1a47a1e8, org.springframework.security.web.access.intercept.FilterSecurityInterceptor@6d2a2560]
[2017/07/31 16:32:18][INFO][][][org.springframework.security.config.http.DefaultFilterChainValidator line.122][checkLoginPageIsntProtected] Checking whether login URL '/login.zul' is accessible with your configuration
[2017/07/31 16:32:18][INFO][][][org.springframework.web.context.ContextLoader line.345][initWebApplicationContext] Root WebApplicationContext: initialization completed in 3434 ms
[2017/07/31 16:32:18][INFO][][][org.zkoss.zk.ui.http.WebManager line.117][<init>] Starting ZK 8.0.5 EE (build: 2017051613)
[2017/07/31 16:32:18][INFO][][][org.zkoss.zk.ui.sys.ConfigParser line.168][parseConfigXml] Loading system default
[2017/07/31 16:32:18][INFO][][][org.zkoss.zk.ui.sys.ConfigParser line.300][parse] Parsing jar:file:/C:/Users/Bob/.m2/repository/org/zkoss/zk/zul/8.0.5-Eval/zul-8.0.5-Eval.jar!/metainfo/zk/zk.xml
[2017/07/31 16:32:18][INFO][][][org.zkoss.zk.ui.sys.ConfigParser line.300][parse] Parsing jar:file:/C:/Users/Bob/.m2/repository/org/zkoss/zk/zkex/8.0.5-Eval/zkex-8.0.5-Eval.jar!/metainfo/zk/zk.xml
[2017/07/31 16:32:18][INFO][][][org.zkoss.zk.ui.sys.ConfigParser line.300][parse] Parsing jar:file:/C:/Users/Bob/.m2/repository/org/zkoss/zk/zkmax/8.0.5-Eval/zkmax-8.0.5-Eval.jar!/metainfo/zk/zk.xml
[2017/07/31 16:32:18][INFO][][][org.zkoss.zk.ui.sys.ConfigParser line.300][parse] Parsing file:/C:/project/ZK_FORUM/ZK_FORUM_GIT/zk-springmvc-master/src/main/webapp/WEB-INF/zk.xml
[2017/07/31 16:32:18][ERROR][][][org.zkoss.zkex.init.WebAppInit line.?][init] This is an evaluation copy of ZK EE and will terminate after sixty days from the first date of installation. Should you require an open source license or commercial license for ZK EE please contact us at info@zkoss.org for more information. Alternatively you can download ZK CE which is licensed under the LGPL.
[2017/07/31 16:32:24][INFO][][][org.zkoss.util.resource.impl.LabelLoaderImpl line.239][loadLabels] Loading labels for zh_TW
[2017/07/31 16:32:24][INFO][][][org.zkoss.util.resource.impl.LabelLoaderImpl line.239][loadLabels] Loading labels for zh
[2017/07/31 16:32:24][INFO][][][org.zkoss.util.resource.impl.LabelLoaderImpl line.414][load] Opening file:/C:/project/ZK_FORUM/ZK_FORUM_GIT/zk-springmvc-master/src/main/webapp/WEB-INF/i3-label_zh.properties
[2017/07/31 16:32:24][ERROR][][][org.zkoss.zkex.rt.Runtime line.?][error] This is an evaluation copy of ZK EE and the default limit for concurrent users is 5. If you require an extended evaluation copy or a commercial license, please contact us at info@zkoss.org.

[2017/07/31 16:32:27][ERROR][3ibtnihgw1yz1g4is6domnax0][][org.zkoss.zkex.rt.Runtime line.?][error] This is an evaluation copy of ZK EE and the default limit for concurrent users is 5. If you require an extended evaluation copy or a commercial license, please contact us at info@zkoss.org.

[2017/07/31 16:32:29][INFO][1ef9zqh67p97kd6rulg1pawnq][bob][com.bob.vm.ArticleVM line.164][initSetup] Subscribe event from APPLICATION_POSTING_QUEUE.
[2017/07/31 16:32:37][INFO][1jq0kwd9ydzs91h9e3kjq9mnzw][andy][com.bob.vm.ArticleVM line.164][initSetup] Subscribe event from APPLICATION_POSTING_QUEUE.
[2017/07/31 16:32:45][INFO][1ef9zqh67p97kd6rulg1pawnq][bob][com.bob.vm.ArticleVM line.184][saveOrUpdateArticle] Submit article form.
[2017/07/31 16:32:48][INFO][1ef9zqh67p97kd6rulg1pawnq][bob][com.bob.vm.ArticleVM$2 line.191][run] Processing article(action: add) succeeds.
[2017/07/31 16:32:48][INFO][1ef9zqh67p97kd6rulg1pawnq][bob][com.bob.vm.ArticleVM$2 line.193][run] Publish event to APPLICATION_POSTING_QUEUE.
[2017/07/31 16:32:48][INFO][1jq0kwd9ydzs91h9e3kjq9mnzw][andy][com.bob.vm.ArticleVM$1 line.156][onEvent] Trigger global command: refreshArticleDisplay.
[2017/07/31 16:32:48][INFO][1ef9zqh67p97kd6rulg1pawnq][bob][com.bob.vm.ArticleVM$1 line.156][onEvent] Trigger global command: refreshArticleDisplay.
[2017/07/31 16:32:48][INFO][1ef9zqh67p97kd6rulg1pawnq][bob][com.bob.vm.ArticleVM$1 line.159][onEvent] Trigger global command: hideMemo.
[2017/07/31 16:32:55][INFO][1ef9zqh67p97kd6rulg1pawnq][bob][com.bob.vm.ArticleVM line.184][saveOrUpdateArticle] Submit article form.
[2017/07/31 16:32:56][INFO][1ef9zqh67p97kd6rulg1pawnq][bob][com.bob.vm.ArticleVM line.252][cancelArticle] Article was cancelled.
[2017/07/31 16:37:19][INFO][][][org.springframework.web.context.ContextLoader line.305][initWebApplicationContext] Root WebApplicationContext: initialization started
[2017/07/31 16:37:19][INFO][][][org.springframework.context.support.AbstractApplicationContext line.578][prepareRefresh] Refreshing Root WebApplicationContext: startup date [Mon Jul 31 16:37:19 CST 2017]; root of context hierarchy
[2017/07/31 16:37:19][INFO][][][org.springframework.beans.factory.xml.XmlBeanDefinitionReader line.317][loadBeanDefinitions] Loading XML bean definitions from ServletContext resource [/WEB-INF/applicationContext.xml]
[2017/07/31 16:37:19][INFO][][][org.springframework.beans.factory.xml.XmlBeanDefinitionReader line.317][loadBeanDefinitions] Loading XML bean definitions from ServletContext resource [/WEB-INF/sqlStatement.xml]
[2017/07/31 16:37:19][INFO][][][org.springframework.beans.factory.xml.XmlBeanDefinitionReader line.317][loadBeanDefinitions] Loading XML bean definitions from ServletContext resource [/WEB-INF/database.xml]
[2017/07/31 16:37:19][INFO][][][org.springframework.beans.factory.xml.XmlBeanDefinitionReader line.317][loadBeanDefinitions] Loading XML bean definitions from ServletContext resource [/WEB-INF/security.xml]
[2017/07/31 16:37:19][INFO][][][org.springframework.security.core.SpringSecurityCoreVersion line.33][<clinit>] You are running with Spring Security Core 3.1.6.RELEASE
[2017/07/31 16:37:19][ERROR][][][org.springframework.security.core.SpringSecurityCoreVersion line.35][<clinit>] *** Spring Major version '3' expected, but you are running with version: 4.2.6.RELEASE. Please check your classpath for unwanted jar files.
[2017/07/31 16:37:19][INFO][][][org.springframework.security.config.SecurityNamespaceHandler line.59][<init>] Spring Security 'config' module version is 3.1.6.RELEASE
[2017/07/31 16:37:20][INFO][][][org.springframework.security.config.http.HttpSecurityBeanDefinitionParser line.264][checkFilterChainOrder] Checking sorted filter chain: [Root bean: class [org.springframework.security.web.context.SecurityContextPersistenceFilter]; scope=; abstract=false; lazyInit=false; autowireMode=0; dependencyCheck=0; autowireCandidate=true; primary=false; factoryBeanName=null; factoryMethodName=null; initMethodName=null; destroyMethodName=null, order = 200, Root bean: class [org.springframework.security.web.authentication.logout.LogoutFilter]; scope=; abstract=false; lazyInit=false; autowireMode=0; dependencyCheck=0; autowireCandidate=true; primary=false; factoryBeanName=null; factoryMethodName=null; initMethodName=null; destroyMethodName=null, order = 400, <org.springframework.security.web.authentication.UsernamePasswordAuthenticationFilter#0>, order = 800, Root bean: class [org.springframework.security.web.authentication.www.BasicAuthenticationFilter]; scope=; abstract=false; lazyInit=false; autowireMode=0; dependencyCheck=0; autowireCandidate=true; primary=false; factoryBeanName=null; factoryMethodName=null; initMethodName=null; destroyMethodName=null, order = 1200, Root bean: class [org.springframework.security.web.savedrequest.RequestCacheAwareFilter]; scope=; abstract=false; lazyInit=false; autowireMode=0; dependencyCheck=0; autowireCandidate=true; primary=false; factoryBeanName=null; factoryMethodName=null; initMethodName=null; destroyMethodName=null, order = 1300, Root bean: class [org.springframework.security.web.servletapi.SecurityContextHolderAwareRequestFilter]; scope=; abstract=false; lazyInit=false; autowireMode=0; dependencyCheck=0; autowireCandidate=true; primary=false; factoryBeanName=null; factoryMethodName=null; initMethodName=null; destroyMethodName=null, order = 1400, Root bean: class [org.springframework.security.web.authentication.AnonymousAuthenticationFilter]; scope=; abstract=false; lazyInit=false; autowireMode=0; dependencyCheck=0; autowireCandidate=true; primary=false; factoryBeanName=null; factoryMethodName=null; initMethodName=null; destroyMethodName=null, order = 1700, Root bean: class [org.springframework.security.web.session.SessionManagementFilter]; scope=; abstract=false; lazyInit=false; autowireMode=0; dependencyCheck=0; autowireCandidate=true; primary=false; factoryBeanName=null; factoryMethodName=null; initMethodName=null; destroyMethodName=null, order = 1800, Root bean: class [org.springframework.security.web.access.ExceptionTranslationFilter]; scope=; abstract=false; lazyInit=false; autowireMode=0; dependencyCheck=0; autowireCandidate=true; primary=false; factoryBeanName=null; factoryMethodName=null; initMethodName=null; destroyMethodName=null, order = 1900, <org.springframework.security.web.access.intercept.FilterSecurityInterceptor#0>, order = 2000]
[2017/07/31 16:37:20][INFO][][][org.hibernate.annotations.common.Version line.37][<clinit>] HCANN000001: Hibernate Commons Annotations {4.0.1.Final}
[2017/07/31 16:37:20][INFO][][][org.hibernate.Version line.41][logVersion] HHH000412: Hibernate Core {4.1.0.Final}
[2017/07/31 16:37:20][INFO][][][org.hibernate.cfg.Environment line.239][<clinit>] HHH000206: hibernate.properties not found
[2017/07/31 16:37:20][INFO][][][org.hibernate.cfg.Environment line.342][buildBytecodeProvider] HHH000021: Bytecode provider name : javassist
[2017/07/31 16:37:21][INFO][][][org.hibernate.dialect.Dialect line.122][<init>] HHH000400: Using dialect: org.hibernate.dialect.HSQLDialect
[2017/07/31 16:37:21][INFO][][][org.hibernate.engine.transaction.internal.TransactionFactoryInitiator line.68][initiateService] HHH000399: Using default transaction strategy (direct JDBC transactions)
[2017/07/31 16:37:21][INFO][][][org.hibernate.hql.internal.ast.ASTQueryTranslatorFactory line.48][<init>] HHH000397: Using ASTQueryTranslatorFactory
[2017/07/31 16:37:22][INFO][][][org.springframework.orm.hibernate4.HibernateTransactionManager line.360][afterPropertiesSet] Using DataSource [org.apache.commons.dbcp.BasicDataSource@5f2bd6d9] of Hibernate SessionFactory for HibernateTransactionManager
[2017/07/31 16:37:22][INFO][][][org.springframework.security.web.DefaultSecurityFilterChain line.28][<init>] Creating filter chain: Ant [pattern='/login.zul'], []
[2017/07/31 16:37:22][INFO][][][org.springframework.security.web.DefaultSecurityFilterChain line.28][<init>] Creating filter chain: org.springframework.security.web.util.AnyRequestMatcher@1, [org.springframework.security.web.context.SecurityContextPersistenceFilter@21eee94f, org.springframework.security.web.authentication.logout.LogoutFilter@6bc24e72, org.springframework.security.web.authentication.UsernamePasswordAuthenticationFilter@724aefc3, org.springframework.security.web.authentication.www.BasicAuthenticationFilter@7cfb4736, org.springframework.security.web.savedrequest.RequestCacheAwareFilter@2a097d77, org.springframework.security.web.servletapi.SecurityContextHolderAwareRequestFilter@53c1179a, org.springframework.security.web.authentication.AnonymousAuthenticationFilter@7650ded6, org.springframework.security.web.session.SessionManagementFilter@5034f5dd, org.springframework.security.web.access.ExceptionTranslationFilter@31b7d869, org.springframework.security.web.access.intercept.FilterSecurityInterceptor@6a916402]
[2017/07/31 16:37:22][INFO][][][org.springframework.security.config.http.DefaultFilterChainValidator line.122][checkLoginPageIsntProtected] Checking whether login URL '/login.zul' is accessible with your configuration
[2017/07/31 16:37:22][INFO][][][org.springframework.web.context.ContextLoader line.345][initWebApplicationContext] Root WebApplicationContext: initialization completed in 3580 ms
[2017/07/31 16:37:22][INFO][][][org.zkoss.zk.ui.http.WebManager line.117][<init>] Starting ZK 8.0.5 EE (build: 2017051613)
[2017/07/31 16:37:22][INFO][][][org.zkoss.zk.ui.sys.ConfigParser line.168][parseConfigXml] Loading system default
[2017/07/31 16:37:23][INFO][][][org.zkoss.zk.ui.sys.ConfigParser line.300][parse] Parsing jar:file:/C:/Users/Bob/.m2/repository/org/zkoss/zk/zul/8.0.5-Eval/zul-8.0.5-Eval.jar!/metainfo/zk/zk.xml
[2017/07/31 16:37:23][INFO][][][org.zkoss.zk.ui.sys.ConfigParser line.300][parse] Parsing jar:file:/C:/Users/Bob/.m2/repository/org/zkoss/zk/zkex/8.0.5-Eval/zkex-8.0.5-Eval.jar!/metainfo/zk/zk.xml
[2017/07/31 16:37:23][INFO][][][org.zkoss.zk.ui.sys.ConfigParser line.300][parse] Parsing jar:file:/C:/Users/Bob/.m2/repository/org/zkoss/zk/zkmax/8.0.5-Eval/zkmax-8.0.5-Eval.jar!/metainfo/zk/zk.xml
[2017/07/31 16:37:23][INFO][][][org.zkoss.zk.ui.sys.ConfigParser line.300][parse] Parsing file:/C:/project/ZK_FORUM/ZK_FORUM_GIT/zk-springmvc-master/src/main/webapp/WEB-INF/zk.xml
[2017/07/31 16:37:23][ERROR][][][org.zkoss.zkex.init.WebAppInit line.?][init] This is an evaluation copy of ZK EE and will terminate after sixty days from the first date of installation. Should you require an open source license or commercial license for ZK EE please contact us at info@zkoss.org for more information. Alternatively you can download ZK CE which is licensed under the LGPL.
[2017/07/31 16:37:33][INFO][][][org.zkoss.util.resource.impl.LabelLoaderImpl line.239][loadLabels] Loading labels for zh_TW
[2017/07/31 16:37:33][INFO][][][org.zkoss.util.resource.impl.LabelLoaderImpl line.239][loadLabels] Loading labels for zh
[2017/07/31 16:37:33][INFO][][][org.zkoss.util.resource.impl.LabelLoaderImpl line.414][load] Opening file:/C:/project/ZK_FORUM/ZK_FORUM_GIT/zk-springmvc-master/src/main/webapp/WEB-INF/i3-label_zh.properties
[2017/07/31 16:37:33][ERROR][][][org.zkoss.zkex.rt.Runtime line.?][error] This is an evaluation copy of ZK EE and the default limit for concurrent users is 5. If you require an extended evaluation copy or a commercial license, please contact us at info@zkoss.org.

[2017/07/31 16:37:38][ERROR][1plxu1uv2u92n1uyn29o5v3sng][][org.zkoss.zkex.rt.Runtime line.?][error] This is an evaluation copy of ZK EE and the default limit for concurrent users is 5. If you require an extended evaluation copy or a commercial license, please contact us at info@zkoss.org.

[2017/07/31 16:37:39][INFO][j7frlpe1evv413mu1fv7611yj][bob][com.bob.vm.ArticleVM line.164][initSetup] Subscribe event from APPLICATION_POSTING_QUEUE.
[2017/07/31 16:37:45][INFO][j7frlpe1evv413mu1fv7611yj][bob][com.bob.vm.ArticleVM line.184][saveOrUpdateArticle] Submit article form.
[2017/07/31 16:37:55][INFO][j7frlpe1evv413mu1fv7611yj][bob][com.bob.vm.ArticleVM line.252][cancelArticle] Article was cancelled.
[2017/07/31 16:37:59][INFO][j7frlpe1evv413mu1fv7611yj][bob][com.bob.vm.ArticleVM line.252][cancelArticle] Article was cancelled.
[2017/07/31 16:38:27][INFO][][][org.springframework.web.context.ContextLoader line.305][initWebApplicationContext] Root WebApplicationContext: initialization started
[2017/07/31 16:38:27][INFO][][][org.springframework.context.support.AbstractApplicationContext line.578][prepareRefresh] Refreshing Root WebApplicationContext: startup date [Mon Jul 31 16:38:27 CST 2017]; root of context hierarchy
[2017/07/31 16:38:27][INFO][][][org.springframework.beans.factory.xml.XmlBeanDefinitionReader line.317][loadBeanDefinitions] Loading XML bean definitions from ServletContext resource [/WEB-INF/applicationContext.xml]
[2017/07/31 16:38:27][INFO][][][org.springframework.beans.factory.xml.XmlBeanDefinitionReader line.317][loadBeanDefinitions] Loading XML bean definitions from ServletContext resource [/WEB-INF/sqlStatement.xml]
[2017/07/31 16:38:27][INFO][][][org.springframework.beans.factory.xml.XmlBeanDefinitionReader line.317][loadBeanDefinitions] Loading XML bean definitions from ServletContext resource [/WEB-INF/database.xml]
[2017/07/31 16:38:27][INFO][][][org.springframework.beans.factory.xml.XmlBeanDefinitionReader line.317][loadBeanDefinitions] Loading XML bean definitions from ServletContext resource [/WEB-INF/security.xml]
[2017/07/31 16:38:27][INFO][][][org.springframework.security.core.SpringSecurityCoreVersion line.33][<clinit>] You are running with Spring Security Core 3.1.6.RELEASE
[2017/07/31 16:38:27][ERROR][][][org.springframework.security.core.SpringSecurityCoreVersion line.35][<clinit>] *** Spring Major version '3' expected, but you are running with version: 4.2.6.RELEASE. Please check your classpath for unwanted jar files.
[2017/07/31 16:38:27][INFO][][][org.springframework.security.config.SecurityNamespaceHandler line.59][<init>] Spring Security 'config' module version is 3.1.6.RELEASE
[2017/07/31 16:38:27][INFO][][][org.springframework.security.config.http.HttpSecurityBeanDefinitionParser line.264][checkFilterChainOrder] Checking sorted filter chain: [Root bean: class [org.springframework.security.web.context.SecurityContextPersistenceFilter]; scope=; abstract=false; lazyInit=false; autowireMode=0; dependencyCheck=0; autowireCandidate=true; primary=false; factoryBeanName=null; factoryMethodName=null; initMethodName=null; destroyMethodName=null, order = 200, Root bean: class [org.springframework.security.web.authentication.logout.LogoutFilter]; scope=; abstract=false; lazyInit=false; autowireMode=0; dependencyCheck=0; autowireCandidate=true; primary=false; factoryBeanName=null; factoryMethodName=null; initMethodName=null; destroyMethodName=null, order = 400, <org.springframework.security.web.authentication.UsernamePasswordAuthenticationFilter#0>, order = 800, Root bean: class [org.springframework.security.web.authentication.www.BasicAuthenticationFilter]; scope=; abstract=false; lazyInit=false; autowireMode=0; dependencyCheck=0; autowireCandidate=true; primary=false; factoryBeanName=null; factoryMethodName=null; initMethodName=null; destroyMethodName=null, order = 1200, Root bean: class [org.springframework.security.web.savedrequest.RequestCacheAwareFilter]; scope=; abstract=false; lazyInit=false; autowireMode=0; dependencyCheck=0; autowireCandidate=true; primary=false; factoryBeanName=null; factoryMethodName=null; initMethodName=null; destroyMethodName=null, order = 1300, Root bean: class [org.springframework.security.web.servletapi.SecurityContextHolderAwareRequestFilter]; scope=; abstract=false; lazyInit=false; autowireMode=0; dependencyCheck=0; autowireCandidate=true; primary=false; factoryBeanName=null; factoryMethodName=null; initMethodName=null; destroyMethodName=null, order = 1400, Root bean: class [org.springframework.security.web.authentication.AnonymousAuthenticationFilter]; scope=; abstract=false; lazyInit=false; autowireMode=0; dependencyCheck=0; autowireCandidate=true; primary=false; factoryBeanName=null; factoryMethodName=null; initMethodName=null; destroyMethodName=null, order = 1700, Root bean: class [org.springframework.security.web.session.SessionManagementFilter]; scope=; abstract=false; lazyInit=false; autowireMode=0; dependencyCheck=0; autowireCandidate=true; primary=false; factoryBeanName=null; factoryMethodName=null; initMethodName=null; destroyMethodName=null, order = 1800, Root bean: class [org.springframework.security.web.access.ExceptionTranslationFilter]; scope=; abstract=false; lazyInit=false; autowireMode=0; dependencyCheck=0; autowireCandidate=true; primary=false; factoryBeanName=null; factoryMethodName=null; initMethodName=null; destroyMethodName=null, order = 1900, <org.springframework.security.web.access.intercept.FilterSecurityInterceptor#0>, order = 2000]
[2017/07/31 16:38:28][INFO][][][org.hibernate.annotations.common.Version line.37][<clinit>] HCANN000001: Hibernate Commons Annotations {4.0.1.Final}
[2017/07/31 16:38:28][INFO][][][org.hibernate.Version line.41][logVersion] HHH000412: Hibernate Core {4.1.0.Final}
[2017/07/31 16:38:28][INFO][][][org.hibernate.cfg.Environment line.239][<clinit>] HHH000206: hibernate.properties not found
[2017/07/31 16:38:28][INFO][][][org.hibernate.cfg.Environment line.342][buildBytecodeProvider] HHH000021: Bytecode provider name : javassist
[2017/07/31 16:38:29][INFO][][][org.hibernate.dialect.Dialect line.122][<init>] HHH000400: Using dialect: org.hibernate.dialect.HSQLDialect
[2017/07/31 16:38:29][INFO][][][org.hibernate.engine.transaction.internal.TransactionFactoryInitiator line.68][initiateService] HHH000399: Using default transaction strategy (direct JDBC transactions)
[2017/07/31 16:38:29][INFO][][][org.hibernate.hql.internal.ast.ASTQueryTranslatorFactory line.48][<init>] HHH000397: Using ASTQueryTranslatorFactory
[2017/07/31 16:38:29][INFO][][][org.springframework.orm.hibernate4.HibernateTransactionManager line.360][afterPropertiesSet] Using DataSource [org.apache.commons.dbcp.BasicDataSource@5f2bd6d9] of Hibernate SessionFactory for HibernateTransactionManager
[2017/07/31 16:38:30][INFO][][][org.springframework.security.web.DefaultSecurityFilterChain line.28][<init>] Creating filter chain: Ant [pattern='/login.zul'], []
[2017/07/31 16:38:30][INFO][][][org.springframework.security.web.DefaultSecurityFilterChain line.28][<init>] Creating filter chain: org.springframework.security.web.util.AnyRequestMatcher@1, [org.springframework.security.web.context.SecurityContextPersistenceFilter@724aefc3, org.springframework.security.web.authentication.logout.LogoutFilter@7cfb4736, org.springframework.security.web.authentication.UsernamePasswordAuthenticationFilter@2a097d77, org.springframework.security.web.authentication.www.BasicAuthenticationFilter@53c1179a, org.springframework.security.web.savedrequest.RequestCacheAwareFilter@7650ded6, org.springframework.security.web.servletapi.SecurityContextHolderAwareRequestFilter@5034f5dd, org.springframework.security.web.authentication.AnonymousAuthenticationFilter@31b7d869, org.springframework.security.web.session.SessionManagementFilter@6a916402, org.springframework.security.web.access.ExceptionTranslationFilter@1a47a1e8, org.springframework.security.web.access.intercept.FilterSecurityInterceptor@6d2a2560]
[2017/07/31 16:38:30][INFO][][][org.springframework.security.config.http.DefaultFilterChainValidator line.122][checkLoginPageIsntProtected] Checking whether login URL '/login.zul' is accessible with your configuration
[2017/07/31 16:38:30][INFO][][][org.springframework.web.context.ContextLoader line.345][initWebApplicationContext] Root WebApplicationContext: initialization completed in 3348 ms
[2017/07/31 16:38:30][INFO][][][org.zkoss.zk.ui.http.WebManager line.117][<init>] Starting ZK 8.0.5 EE (build: 2017051613)
[2017/07/31 16:38:30][INFO][][][org.zkoss.zk.ui.sys.ConfigParser line.168][parseConfigXml] Loading system default
[2017/07/31 16:38:30][INFO][][][org.zkoss.zk.ui.sys.ConfigParser line.300][parse] Parsing jar:file:/C:/Users/Bob/.m2/repository/org/zkoss/zk/zul/8.0.5-Eval/zul-8.0.5-Eval.jar!/metainfo/zk/zk.xml
[2017/07/31 16:38:30][INFO][][][org.zkoss.zk.ui.sys.ConfigParser line.300][parse] Parsing jar:file:/C:/Users/Bob/.m2/repository/org/zkoss/zk/zkex/8.0.5-Eval/zkex-8.0.5-Eval.jar!/metainfo/zk/zk.xml
[2017/07/31 16:38:30][INFO][][][org.zkoss.zk.ui.sys.ConfigParser line.300][parse] Parsing jar:file:/C:/Users/Bob/.m2/repository/org/zkoss/zk/zkmax/8.0.5-Eval/zkmax-8.0.5-Eval.jar!/metainfo/zk/zk.xml
[2017/07/31 16:38:30][INFO][][][org.zkoss.zk.ui.sys.ConfigParser line.300][parse] Parsing file:/C:/project/ZK_FORUM/ZK_FORUM_GIT/zk-springmvc-master/src/main/webapp/WEB-INF/zk.xml
[2017/07/31 16:38:30][ERROR][][][org.zkoss.zkex.init.WebAppInit line.?][init] This is an evaluation copy of ZK EE and will terminate after sixty days from the first date of installation. Should you require an open source license or commercial license for ZK EE please contact us at info@zkoss.org for more information. Alternatively you can download ZK CE which is licensed under the LGPL.
[2017/07/31 16:38:47][INFO][][][org.zkoss.util.resource.impl.LabelLoaderImpl line.239][loadLabels] Loading labels for zh_TW
[2017/07/31 16:38:47][INFO][][][org.zkoss.util.resource.impl.LabelLoaderImpl line.239][loadLabels] Loading labels for zh
[2017/07/31 16:38:47][INFO][][][org.zkoss.util.resource.impl.LabelLoaderImpl line.414][load] Opening file:/C:/project/ZK_FORUM/ZK_FORUM_GIT/zk-springmvc-master/src/main/webapp/WEB-INF/i3-label_zh.properties
[2017/07/31 16:38:47][ERROR][][][org.zkoss.zkex.rt.Runtime line.?][error] This is an evaluation copy of ZK EE and the default limit for concurrent users is 5. If you require an extended evaluation copy or a commercial license, please contact us at info@zkoss.org.

[2017/07/31 16:38:51][ERROR][xlq5c8uo9yws1nvtnosye89ht][][org.zkoss.zkex.rt.Runtime line.?][error] This is an evaluation copy of ZK EE and the default limit for concurrent users is 5. If you require an extended evaluation copy or a commercial license, please contact us at info@zkoss.org.

[2017/07/31 16:38:53][INFO][hhc2lwxzu9wi1geji4tpu1ehj][bob][com.bob.vm.ArticleVM line.164][initSetup] Subscribe event from APPLICATION_POSTING_QUEUE.
[2017/07/31 16:39:03][INFO][hhc2lwxzu9wi1geji4tpu1ehj][bob][com.bob.vm.ArticleVM line.184][saveOrUpdateArticle] Submit article form.
[2017/07/31 16:39:04][INFO][hhc2lwxzu9wi1geji4tpu1ehj][bob][com.bob.vm.ArticleVM line.252][cancelArticle] Article was cancelled.
[2017/07/31 16:39:08][INFO][hhc2lwxzu9wi1geji4tpu1ehj][bob][com.bob.vm.ArticleVM line.164][initSetup] Subscribe event from APPLICATION_POSTING_QUEUE.
[2017/07/31 16:39:10][INFO][hhc2lwxzu9wi1geji4tpu1ehj][bob][com.bob.vm.ArticleVM line.164][initSetup] Subscribe event from APPLICATION_POSTING_QUEUE.
[2017/07/31 16:39:11][INFO][hhc2lwxzu9wi1geji4tpu1ehj][bob][com.bob.vm.ArticleVM line.164][initSetup] Subscribe event from APPLICATION_POSTING_QUEUE.
